make all --print-data-base --no-builtin-variables --no-builtin-rules --question
# GNU Make 3.81
# Copyright (C) 2006  Free Software Foundation, Inc.
# This is free software; see the source for copying conditions.
# There is NO warranty; not even for MERCHANTABILITY or FITNESS FOR A
# PARTICULAR PURPOSE.

# This program built for i386-apple-darwin11.3.0
 

# Make data base, printed on Tue Jul 19 17:05:57 2022

# Variables

# automatic
<D = $(patsubst %/,%,$(dir $<))
# automatic
?F = $(notdir $?)
# environment
LC_CTYPE = en_US.UTF-8
# automatic
?D = $(patsubst %/,%,$(dir $?))
# automatic
@D = $(patsubst %/,%,$(dir $@))
# automatic
@F = $(notdir $@)
# makefile
CURDIR := /Users/eric/repos/cdr/enterprise-helm
# makefile
SHELL = /bin/sh
# environment
VSCODE_NLS_CONFIG = {"locale":"en-us","availableLanguages":{},"_languagePackSupport":true}
# environment
_ = /usr/bin/make
# environment
STARSHIP_SESSION_KEY = 9713939784411538
# environment
VSCODE_AMD_ENTRYPOINT = vs/workbench/api/node/extensionHostProcess
# environment
__CFBundleIdentifier = com.microsoft.VSCode
# environment
VSCODE_CWD = /
# environment
GOPROXY = direct
# environment
PATH = /Users/eric/google-cloud-sdk/bin:/usr/local/opt/libpq/bin:/Users/eric/.fzf/bin:/usr/local/bin:/usr/bin:/bin:/usr/sbin:/sbin:/usr/local/bin/fish:/go/bin/licensor:/opt/X11/bin:/usr/local/go/bin:/usr/local/munki
# makefile (from `Makefile', line 1)
MAKEFILE_LIST :=  Makefile
# environment
GOPATH = /Users/eric/go
# environment
ELECTRON_RUN_AS_NODE = 1
# default
.FEATURES := target-specific order-only second-expansion else-if archives jobserver check-symlink
# environment
SSH_AUTH_SOCK = /private/tmp/com.apple.launchd.i0Nrx5Xlgo/Listeners
# automatic
%F = $(notdir $%)
# environment
DISPLAY = /private/tmp/com.apple.launchd.7aIbKBsJzs/org.xquartz:0
# environment
 
PWD = /Users/eric/repos/cdr/enterprise-helm
# environment
ORIGINAL_XDG_CURRENT_DESKTOP = undefined
# environment
GOMODCACHE = /Users/eric/go/pkg/mod
# environment
HOME = /Users/eric
# default
MAKEFILEPATH = $(shell /usr/bin/xcode-select -print-path 2>/dev/null || echo /Developer)/Makefiles
# environment
VSCODE_CODE_CACHE_PATH = /Users/eric/Library/Application Support/Code/CachedData/b06ae3b2d2dbfe28bca3134cc6be65935cdfea6a
# environment
LOGNAME = eric
# environment
APPLICATION_INSIGHTS_NO_DIAGNOSTIC_CHANNEL = 1
# environment
VSCODE_HANDLES_UNCAUGHT_ERRORS = true
# automatic
^D = $(patsubst %/,%,$(dir $^))
# environment
XPC_FLAGS = 0x0
# default
MAKE = $(MAKE_COMMAND)
# default
MAKECMDGOALS := all
# environment
SHLVL = 2
# default
MAKE_VERSION := 3.81
# environment
USER = eric
# makefile
.DEFAULT_GOAL := help
# automatic
%D = $(patsubst %/,%,$(dir $%))
# default
MAKE_COMMAND := /Library/Developer/CommandLineTools/usr/bin/make
# default
.VARIABLES := 
# environment
TMPDIR = /var/folders/b7/pvn2jg_55458gy00kmc9l4240000gq/T/
# automatic
*F = $(notdir $*)
# environment
VSCODE_IPC_HOOK = /Users/eric/Library/Application Support/Code/1.69.1-main.sock
# environment
MallocNanoZone = 0
# makefile
MAKEFLAGS = Rrqp
# environment
MFLAGS = -Rrqp
# automatic
*D = $(patsubst %/,%,$(dir $*))
# environment
XPC_SERVICE_NAME = application.com.microsoft.VSCode.45619304.45619310
# automatic
+D = $(patsubst %/,%,$(dir $+))
# automatic
+F = $(notdir $+)
# environment
__CF_USER_TEXT_ENCODING = 0x1F7:0x0:0x0
# environment
COMMAND_MODE = unix2003
# default
MAKEFILES := 
# automatic
<F = $(notdir $<)
# environment
LC_ALL = C
# automatic
^F = $(notdir $^)
# makefile (from `Makefile', line 1)
PROJECT_ROOT := /Users/eric/repos/cdr/enterprise-helm
# default
SUFFIXES := 
# default
.INCLUDE_DIRS = /usr/local/include
# environment
MAKELEVEL := 0
# environment
GPG_TTY = not a tty
# environment
LANG = C
# environment
VSCODE_PID = 17547
# environment
STARSHIP_SHELL = fish
# variable set hash-table stats:
# Load=67/1024=7%, Rehash=0, Collisions=5/97=5%

# Pattern-specific Variable Values

# No pattern-specific variable values.

# Directories

# . (device 16777225, inode 25371623): 22 files, no impossibilities.

# 22 files, no impossibilities in 1 directories.

# Implicit Rules

# No implicit rules.

# Files

all: lint fmt test
#  Phony target (prerequisite of .PHONY).
#  Command-line target.
#  Implicit rule search has not been done.
#  File does not exist.
#  File has been updated.
#  Needs to be updated (-q is set).
# variable set hash-table stats:
# Load=0/32=0%, Rehash=0, Collisions=0/2=0%

.PHONY: help all lint lint/helm lint/kubernetes lint/shellcheck fmt README.md test test/go clean
#  Implicit rule search has not been done.
#  Modification time never checked.
#  File has not been updated.

test/go:
#  Phony target (prerequisite of .PHONY).
#  Implicit rule search has not been done.
#  File does not exist.
#  File has not been updated.
#  commands to execute (from `Makefile', line 49):
	@echo "--- Running tests"
	./scripts/test_go.sh
	

# Not a target:
.SUFFIXES:
#  Implicit rule search has not been done.
#  Modification time never checked.
#  File has not been updated.

# Not a target:
Makefile:
#  Implicit rule search has been done.
#  Last modified 2022-02-22 12:22:49
#  File has been updated.
#  Successfully updated.
# variable set hash-table stats:
# Load=0/32=0%, Rehash=0, Collisions=0/0=0%

test: test/go
#  Phony target (prerequisite of .PHONY).
#  Implicit rule search has not been done.
#  File does not exist.
#  File has not been updated.

# Not a target:
values.yaml:
#  Implicit rule search has not been done.
#  Modification time never checked.
#  File has not been updated.

# Not a target:
README.md.gotmpl:
#  Implicit rule search has not been done.
#  Modification time never checked.
#  File has not been updated.

# Not a target:
/Users/eric/repos/cdr/enterprise-helm/scripts/lib.sh:
#  Implicit rule search has not been done.
#  Modification time never checked.
#  File has not been updated.

help:
#  Phony target (prerequisite of .PHONY).
#  Implicit rule search has not been done.
#  File does not exist.
#  File has not been updated.
#  commands to execute (from `Makefile', line 5):
	@echo "Usage: $(MAKE) <target>"
	@echo
	@echo " * 'all' - Run everything"
	@echo " * 'fmt' - Run formatters"
	@echo " * 'lint' - Run linters"
	@echo " * 'test' - Run unit tests"
	@echo " * 'clean' - Remove generated build files"
	

lint/kubernetes:
#  Phony target (prerequisite of .PHONY).
#  Implicit rule search has not been done.
#  File does not exist.
#  File has not been updated.
#  commands to execute (from `Makefile', line 26):
	@echo "--- Linting rendered templates"
	./scripts/test_helm.sh
	

# Not a target:
/Users/eric/repos/cdr/enterprise-helm/scripts/package.sh:
#  Implicit rule search has not been done.
#  Modification time never checked.
#  File has not been updated.

# Not a target:
.DEFAULT:
#  Implicit rule search has not been done.
#  Modification time never checked.
#  File has not been updated.

.DEFAULT_GOAL: help
#  Implicit rule search has not been done.
#  Modification time never checked.
#  File has not been updated.

# Not a target:
/Users/eric/repos/cdr/enterprise-helm/scripts/fmt.sh:
#  Implicit rule search has not been done.
#  Modification time never checked.
#  File has not been updated.

clean:
#  Phony target (prerequisite of .PHONY).
#  Implicit rule search has not been done.
#  File does not exist.
#  File has not been updated.
#  commands to execute (from `Makefile', line 54):
	rm -vrf build/
	

# Not a target:
/Users/eric/repos/cdr/enterprise-helm/scripts/depfind/sh.sh:
#  Implicit rule search has not been done.
#  Modification time never checked.
#  File has not been updated.

fmt: README.md
#  Phony target (prerequisite of .PHONY).
#  Implicit rule search has not been done.
#  File does not exist.
#  File has not been updated.

# Not a target:
/Users/eric/repos/cdr/enterprise-helm/scripts/depfind/markdown.sh:
#  Implicit rule search has not been done.
#  Modification time never checked.
#  File has not been updated.

lint/shellcheck: /Users/eric/repos/cdr/enterprise-helm/scripts/depfind/markdown.sh /Users/eric/repos/cdr/enterprise-helm/scripts/depfind/sh.sh /Users/eric/repos/cdr/enterprise-helm/scripts/fmt.sh /Users/eric/repos/cdr/enterprise-helm/scripts/install_deps.sh /Users/eric/repos/cdr/enterprise-helm/scripts/lib.sh /Users/eric/repos/cdr/enterprise-helm/scripts/package.sh /Users/eric/repos/cdr/enterprise-helm/scripts/test_go.sh /Users/eric/repos/cdr/enterprise-helm/scripts/test_helm.sh
#  Phony target (prerequisite of .PHONY).
#  Implicit rule search has not been done.
#  File does not exist.
#  File has not been updated.
#  commands to execute (from `Makefile', line 31):
	@echo "--- Running shellcheck"
	shellcheck $^
	

# Not a target:
/Users/eric/repos/cdr/enterprise-helm/scripts/test_go.sh:
#  Implicit rule search has not been done.
#  Modification time never checked.
#  File has not been updated.

lint/helm:
#  Phony target (prerequisite of .PHONY).
#  Implicit rule search has not been done.
#  Implicit/static pattern stem: `'
#  File does not exist.
#  File has been updated.
#  Needs to be updated (-q is set).
# automatic
# @ := lint/helm
# automatic
# % := 
# automatic
# * := 
# automatic
# + := 
# automatic
# | := 
# automatic
# < := 
# automatic
# ^ := 
# automatic
# ? := 
# variable set hash-table stats:
# Load=8/32=25%, Rehash=0, Collisions=1/10=10%
#  commands to execute (from `Makefile', line 21):
	@echo "--- Running helm lint"
	helm lint --strict .
	

lint: lint/helm lint/kubernetes lint/shellcheck
#  Phony target (prerequisite of .PHONY).
#  Implicit rule search has not been done.
#  File does not exist.
#  File has been updated.
#  Needs to be updated (-q is set).
# variable set hash-table stats:
# Load=0/32=0%, Rehash=0, Collisions=0/2=0%

README.md: README.md.gotmpl values.yaml
#  Phony target (prerequisite of .PHONY).
#  Implicit rule search has not been done.
#  File does not exist.
#  File has not been updated.
#  commands to execute (from `Makefile', line 40):
	@echo "--- Generating documentation"
 
	helm-docs --template-files=$<
	@printf "<!-- DO NOT EDIT. THIS IS GENERATED FROM README.md.gotmpl -->\n\n%s\n" "$$(cat README.md)" > README.md
	

# Not a target:
/Users/eric/repos/cdr/enterprise-helm/scripts/test_helm.sh:
#  Implicit rule search has not been done.
#  Modification time never checked.
#  File has not been updated.

# Not a target:
/Users/eric/repos/cdr/enterprise-helm/scripts/install_deps.sh:
#  Implicit rule search has not been done.
#  Modification time never checked.
#  File has not been updated.

# files hash-table stats:
# Load=26/1024=3%, Rehash=0, Collisions=2/80=2%
# VPATH Search Paths

# No `vpath' search paths.

# No general (`VPATH' variable) search path.

# # of strings in strcache: 1
# # of strcache buffers: 1
# strcache size: total = 4096 / max = 4096 / min = 4096 / avg = 4096
 
# strcache free: total = 4087 / max = 4087 / min = 4087 / avg = 4087

# Finished Make data base on Tue Jul 19 17:05:57 2022

 
